<?xml version="1.0" encoding="UTF-8"?>
<!--
  ~ Copyright (C) 2016 Inera AB (http://www.inera.se)
  ~
  ~ This file is part of sklintyg (https://github.com/sklintyg).
  ~
  ~ sklintyg is free software: you can redistribute it and/or modify
  ~ it under the terms of the GNU General Public License as published by
  ~ the Free Software Foundation, either version 3 of the License, or
  ~ (at your option) any later version.
  ~
  ~ sklintyg is distributed in the hope that it will be useful,
  ~ but WITHOUT ANY WARRANTY; without even the implied warranty of
  ~ MERCHANTABILITY or FITNESS FOR A PARTICULAR PURPOSE. See the
  ~ GNU General Public License for more details.
  ~
  ~ You should have received a copy of the GNU General Public License
  ~ along with this program.  If not, see <http://www.gnu.org/licenses/>.
  -->
<beans xmlns="http://www.springframework.org/schema/beans" xmlns:xsi="http://www.w3.org/2001/XMLSchema-instance"
       xmlns:context="http://www.springframework.org/schema/context"
       xmlns:aop="http://www.springframework.org/schema/aop"
       xmlns:task="http://www.springframework.org/schema/task"
       xsi:schemaLocation="http://www.springframework.org/schema/beans http://www.springframework.org/schema/beans/spring-beans.xsd
        http://www.springframework.org/schema/context http://www.springframework.org/schema/context/spring-context.xsd
        http://www.springframework.org/schema/aop http://www.springframework.org/schema/aop/spring-aop.xsd
        http://www.springframework.org/schema/task http://www.springframework.org/schema/task/spring-task.xsd">

  <bean id="utkastRepository" class="org.mockito.Mockito" factory-method="mock">
    <constructor-arg value="se.inera.intyg.webcert.persistence.utkast.repository.UtkastRepository" />
  </bean>

  <context:annotation-config/>
  <context:property-placeholder location="classpath:MailNotificationServiceTest/test.properties" ignore-unresolvable="false" ignore-resource-not-found="false" />
  <context:component-scan base-package="se.inera.intyg.webcert.web.service.mail"/>

  <!-- Intercept JavaMailSender calls and put outgoing mails into MailStore -->
  <aop:aspectj-autoproxy/>
  <bean class="se.inera.intyg.webcert.mailstub.JavaMailSenderAroundAdvice"/>
  <bean class="org.springframework.mail.javamail.JavaMailSenderImpl"/>
  <bean class="se.inera.intyg.webcert.mailstub.MailStore"/>

  <!-- HSA Stub
  <bean class="se.inera.intyg.common.integration.hsa.ifv.webcert.spi.authorization.impl.HSAWebServiceCalls"/>
  <bean class="se.inera.intyg.common.integration.hsa.stub.HsaWebServiceStub"/>
     -->
  <bean class="se.inera.intyg.infra.integration.hsatk.stub.GetAuthorizationsForPersonResponderStub" />
  <bean class="se.inera.intyg.infra.integration.hsatk.stub.GetEmployeeResponderStub" />
  <bean class="se.inera.intyg.infra.integration.hsatk.stub.GetHealthCareProviderResponderStub" />
  <bean class="se.inera.intyg.infra.integration.hsatk.stub.GetHealthCareUnitResponderStub" />
  <bean class="se.inera.intyg.infra.integration.hsatk.stub.GetHealthCareUnitMembersResponderStub" />
  <bean class="se.inera.intyg.infra.integration.hsatk.stub.GetUnitResponderStub" />
  <bean class="se.inera.intyg.infra.integration.hsatk.stub.GetHospCredentialsForPersonResponderStub" />
  <bean class="se.inera.intyg.infra.integration.hsatk.stub.GetHospLastUpdateResponderStub" />
  <bean class="se.inera.intyg.infra.integration.hsatk.stub.HandleHospCertificationPersonResponderStub" />

  <bean class="se.inera.intyg.infra.integration.hsatk.client.OrganizationClient" />
  <bean class="se.inera.intyg.infra.integration.hsatk.client.AuthorizationManagementClient" />
  <bean class="se.inera.intyg.infra.integration.hsatk.services.legacy.HsaOrganizationsServiceImpl" />
  <bean class="se.inera.intyg.infra.integration.hsatk.stub.HsaServiceStub"/>

  <bean class="se.inera.intyg.webcert.web.service.monitoring.MonitoringLogServiceImpl" />

  <bean class="org.mockito.Mockito" factory-method="mock">
    <constructor-arg value="se.inera.intyg.webcert.web.service.user.WebCertUserService" />
  </bean>

  <bean id="ppService" class="org.mockito.Mockito" factory-method="mock">
    <constructor-arg value="se.inera.intyg.webcert.integration.pp.services.PPService" />
  </bean>

  <task:executor id="threadPoolTaskExecutor" pool-size="10" queue-capacity="100" rejection-policy="CALLER_RUNS" />
  <task:annotation-driven executor="threadPoolTaskExecutor"/>

</beans>
